0 info it worked if it ends with ok
1 verbose cli [ '/Users/sethvincent/.nvm/v0.10.21/bin/node',
1 verbose cli   '/Users/sethvincent/.nvm/v0.10.21/bin/npm',
1 verbose cli   'run',
1 verbose cli   'compile' ]
2 info using npm@1.3.11
3 info using node@v0.10.21
4 error Error: ENOENT, open '/Users/sethvincent/workspace/superbigtree/books/learnjs/series/01-introduction/chapters/package.json'
5 error If you need help, you may report this log at:
5 error     <http://github.com/isaacs/npm/issues>
5 error or email it to:
5 error     <npm-@googlegroups.com>
6 error System Darwin 13.0.0
7 error command "/Users/sethvincent/.nvm/v0.10.21/bin/node" "/Users/sethvincent/.nvm/v0.10.21/bin/npm" "run" "compile"
8 error cwd /Users/sethvincent/workspace/superbigtree/books/learnjs/series/01-introduction/chapters
9 error node -v v0.10.21
10 error npm -v 1.3.11
11 error path /Users/sethvincent/workspace/superbigtree/books/learnjs/series/01-introduction/chapters/package.json
12 error code ENOENT
13 error errno 34
14 verbose exit [ 34, true ]
